This file contains any messages produced by compilers while
running configure, to aid debugging if configure makes a mistake.

It was created by onig configure 5.9.6, which was
generated by GNU Autoconf 2.69.  Invocation command line was

  $ ./configure 

## --------- ##
## Platform. ##
## --------- ##

hostname = Pengs-MacBook-Pro.local
uname -m = x86_64
uname -r = 16.7.0
uname -s = Darwin
uname -v = Darwin Kernel Version 16.7.0: Thu Jun 15 17:36:27 PDT 2017; root:xnu-3789.70.16~2/RELEASE_X86_64

/usr/bin/uname -p = i386
/bin/uname -X     = unknown

/bin/arch              = unknown
/usr/bin/arch -k       = unknown
/usr/convex/getsysinfo = unknown
/usr/bin/hostinfo      = Mach kernel version:
	 Darwin Kernel Version 16.7.0: Thu Jun 15 17:36:27 PDT 2017; root:xnu-3789.70.16~2/RELEASE_X86_64
Kernel configured for up to 8 processors.
4 processors are physically available.
8 processors are logically available.
Processor type: x86_64h (Intel x86-64h Haswell)
Processors active: 0 1 2 3 4 5 6 7
Primary memory available: 16.00 gigabytes
Default processor set: 448 tasks, 2969 threads, 8 processors
Load average: 1.86, Mach factor: 6.13
/bin/machine           = unknown
/usr/bin/oslevel       = unknown
/bin/universe          = unknown

PATH: /Users/penlv/code/emsdk/emscripten/incoming/system/bin
PATH: /Users/penlv/code/emsdk
PATH: /Users/penlv/code/emsdk/clang/fastcomp/build_incoming_64/bin
PATH: /Users/penlv/code/emsdk/node/4.1.1_64bit/bin
PATH: /Users/penlv/code/emsdk/emscripten/incoming
PATH: /Users/penlv/code/emsdk/binaryen/master_64bit_binaryen/bin
PATH: /Users/penlv/.rvm/gems/ruby-2.2.4/bin
PATH: /Users/penlv/.rvm/gems/ruby-2.2.4@global/bin
PATH: /Users/penlv/.rvm/rubies/ruby-2.2.4/bin
PATH: /Users/penlv/.nvm/versions/node/v6.9.5/bin
PATH: /usr/local/bin
PATH: /usr/bin
PATH: /bin
PATH: /usr/sbin
PATH: /sbin
PATH: /usr/local/share/dotnet
PATH: /usr/local/go/bin
PATH: /Library/Frameworks/Mono.framework/Versions/Current/Commands
PATH: /Users/penlv/.rvm/bin


## ----------- ##
## Core tests. ##
## ----------- ##

configure:2502: checking for a BSD-compatible install
configure:2570: result: /usr/local/bin/ginstall -c
configure:2581: checking whether build environment is sane
configure:2636: result: yes
configure:2787: checking for a thread-safe mkdir -p
configure:2826: result: /usr/local/bin/gmkdir -p
configure:2833: checking for gawk
configure:2863: result: no
configure:2833: checking for mawk
configure:2863: result: no
configure:2833: checking for nawk
configure:2863: result: no
configure:2833: checking for awk
configure:2849: found /usr/bin/awk
configure:2860: result: awk
configure:2871: checking whether make sets $(MAKE)
configure:2893: result: yes
configure:2922: checking whether make supports nested variables
configure:2939: result: yes
configure:3158: checking for gcc
configure:3185: result: /Users/penlv/code/emsdk/emscripten/incoming/emcc
configure:3414: checking for C compiler version
configure:3423: /Users/penlv/code/emsdk/emscripten/incoming/emcc --version >&5
emcc (Emscripten gcc/clang-like replacement) 1.37.18 (commit 3b3127f55d2d822924c5cef6ad7a2d40737d4d16)
Copyright (C) 2014 the Emscripten authors (see AUTHORS.txt)
This is free and open source software under the MIT license.
There is NO warranty; not even for MERCHANTABILITY or FITNESS FOR A PARTICULAR PURPOSE.
  
configure:3434: $? = 0
configure:3423: /Users/penlv/code/emsdk/emscripten/incoming/emcc -v >&5
emcc (Emscripten gcc/clang-like replacement + linker emulating GNU ld) 1.37.18
clang version 4.0.0 (https://github.com/kripken/emscripten-fastcomp-clang.git c7c210fee24e0227f882337521b25b1ed9c36d5b) (https://github.com/kripken/emscripten-fastcomp.git 90b726ede4acf47c1bca089de6c79a0b8f2c5d9a) (emscripten 1.37.18 : 1.37.18)
Target: x86_64-apple-darwin16.7.0
Thread model: posix
InstalledDir: /Users/penlv/code/emsdk/clang/fastcomp/build_incoming_64/bin
INFO:root:(Emscripten: Running sanity checks)
configure:3434: $? = 0
configure:3423: /Users/penlv/code/emsdk/emscripten/incoming/emcc -V >&5
ERROR:root:no input files
note that input files without a known suffix are ignored, make sure your input files end with one of: ('.c', '.C', '.i', '.cpp', '.cxx', '.cc', '.c++', '.CPP', '.CXX', '.CC', '.C++', '.ii', '.m', '.mi', '.mm', '.mii', '/dev/null', '.bc', '.o', '.obj', '.lo', '.dylib', '.so', '.a', '.ll', '.h', '.hxx', '.hpp', '.hh', '.H', '.HXX', '.HPP', '.HH')
configure:3434: $? = 1
configure:3423: /Users/penlv/code/emsdk/emscripten/incoming/emcc -qversion >&5
ERROR:root:no input files
note that input files without a known suffix are ignored, make sure your input files end with one of: ('.c', '.C', '.i', '.cpp', '.cxx', '.cc', '.c++', '.CPP', '.CXX', '.CC', '.C++', '.ii', '.m', '.mi', '.mm', '.mii', '/dev/null', '.bc', '.o', '.obj', '.lo', '.dylib', '.so', '.a', '.ll', '.h', '.hxx', '.hpp', '.hh', '.H', '.HXX', '.HPP', '.HH')
configure:3434: $? = 1
configure:3454: checking whether the C compiler works
configure:3476: /Users/penlv/code/emsdk/emscripten/incoming/emcc    conftest.c  >&5
configure:3480: $? = 0
configure:3528: result: yes
configure:3531: checking for C compiler default output file name
configure:3533: result: a.out
configure:3539: checking for suffix of executables
configure:3546: /Users/penlv/code/emsdk/emscripten/incoming/emcc -o conftest    conftest.c  >&5
configure:3550: $? = 0
configure:3572: result: 
configure:3594: checking whether we are cross compiling
configure:3602: /Users/penlv/code/emsdk/emscripten/incoming/emcc -o conftest    conftest.c  >&5
configure:3606: $? = 0
configure:3613: ./conftest
configure:3617: $? = 0
configure:3632: result: no
configure:3637: checking for suffix of object files
configure:3659: /Users/penlv/code/emsdk/emscripten/incoming/emcc -c   conftest.c >&5
configure:3663: $? = 0
configure:3684: result: o
configure:3688: checking whether we are using the GNU C compiler
configure:3707: /Users/penlv/code/emsdk/emscripten/incoming/emcc -c   conftest.c >&5
configure:3707: $? = 0
configure:3716: result: yes
configure:3725: checking whether /Users/penlv/code/emsdk/emscripten/incoming/emcc accepts -g
configure:3745: /Users/penlv/code/emsdk/emscripten/incoming/emcc -c -g  conftest.c >&5
configure:3745: $? = 0
configure:3786: result: yes
configure:3803: checking for /Users/penlv/code/emsdk/emscripten/incoming/emcc option to accept ISO C89
configure:3866: /Users/penlv/code/emsdk/emscripten/incoming/emcc  -c   conftest.c >&5
configure:3866: $? = 0
configure:3879: result: none needed
configure:3904: checking whether /Users/penlv/code/emsdk/emscripten/incoming/emcc understands -c and -o together
configure:3926: /Users/penlv/code/emsdk/emscripten/incoming/emcc -c conftest.c -o conftest2.o
configure:3929: $? = 0
configure:3926: /Users/penlv/code/emsdk/emscripten/incoming/emcc -c conftest.c -o conftest2.o
configure:3929: $? = 0
configure:3941: result: yes
configure:3969: checking for style of include used by make
configure:3997: result: GNU
configure:4023: checking dependency style of /Users/penlv/code/emsdk/emscripten/incoming/emcc
configure:4134: result: gcc3
configure:4178: checking build system type
configure:4192: result: x86_64-apple-darwin16.7.0
configure:4212: checking host system type
configure:4225: result: x86_64-apple-darwin16.7.0
configure:4266: checking how to print strings
configure:4293: result: printf
configure:4314: checking for a sed that does not truncate output
configure:4378: result: /usr/local/bin/gsed
configure:4396: checking for grep that handles long lines and -e
configure:4454: result: /usr/bin/grep
configure:4459: checking for egrep
configure:4521: result: /usr/bin/grep -E
configure:4526: checking for fgrep
configure:4588: result: /usr/bin/grep -F
configure:4623: checking for ld used by /Users/penlv/code/emsdk/emscripten/incoming/emcc
ERROR:root:no input files
note that input files without a known suffix are ignored, make sure your input files end with one of: ('.c', '.C', '.i', '.cpp', '.cxx', '.cc', '.c++', '.CPP', '.CXX', '.CC', '.C++', '.ii', '.m', '.mi', '.mm', '.mii', '/dev/null', '.bc', '.o', '.obj', '.lo', '.dylib', '.so', '.a', '.ll', '.h', '.hxx', '.hpp', '.hh', '.H', '.HXX', '.HPP', '.HH')
configure:4690: result: /Users/penlv/code/emsdk/emscripten/incoming/emcc
configure:4697: checking if the linker (/Users/penlv/code/emsdk/emscripten/incoming/emcc) is GNU ld
configure:4712: result: yes
configure:4724: checking for BSD- or MS-compatible name lister (nm)
configure:4778: result: /Users/penlv/code/emsdk/clang/fastcomp/build_incoming_64/bin/llvm-nm
configure:4908: checking the name lister (/Users/penlv/code/emsdk/clang/fastcomp/build_incoming_64/bin/llvm-nm) interface
configure:4915: /Users/penlv/code/emsdk/emscripten/incoming/emcc -c   conftest.c >&5
configure:4918: /Users/penlv/code/emsdk/clang/fastcomp/build_incoming_64/bin/llvm-nm "conftest.o"
configure:4921: output
-------- D some_variable
configure:4928: result: BSD nm
configure:4931: checking whether ln -s works
configure:4935: result: yes
configure:4943: checking the maximum length of command line arguments
configure:5074: result: 196608
configure:5122: checking how to convert x86_64-apple-darwin16.7.0 file names to x86_64-apple-darwin16.7.0 format
configure:5162: result: func_convert_file_noop
configure:5169: checking how to convert x86_64-apple-darwin16.7.0 file names to toolchain format
configure:5189: result: func_convert_file_noop
configure:5196: checking for /Users/penlv/code/emsdk/emscripten/incoming/emcc option to reload object files
configure:5203: result: -r
configure:5277: checking for objdump
configure:5293: found /usr/bin/objdump
configure:5304: result: objdump
configure:5336: checking how to recognize dependent libraries
configure:5536: result: pass_all
configure:5621: checking for dlltool
configure:5651: result: no
configure:5681: checking how to associate runtime and link libraries
configure:5708: result: printf %s\n
configure:5833: checking for archiver @FILE support
configure:5850: /Users/penlv/code/emsdk/emscripten/incoming/emcc -c   conftest.c >&5
configure:5850: $? = 0
configure:5853: /Users/penlv/code/emsdk/emscripten/incoming/emar cru libconftest.a @conftest.lst >&5
configure:5856: $? = 0
configure:5861: /Users/penlv/code/emsdk/emscripten/incoming/emar cru libconftest.a @conftest.lst >&5
/Users/penlv/code/emsdk/clang/fastcomp/build_incoming_64/bin/llvm-ar: conftest.o: No such file or directory.
configure:5864: $? = 0
configure:5876: result: no
configure:5934: checking for strip
configure:5950: found /usr/bin/strip
configure:5961: result: strip
configure:6033: checking for ranlib
configure:6060: result: /Users/penlv/code/emsdk/emscripten/incoming/emranlib
configure:6162: checking command to parse /Users/penlv/code/emsdk/clang/fastcomp/build_incoming_64/bin/llvm-nm output from /Users/penlv/code/emsdk/emscripten/incoming/emcc object
configure:6315: /Users/penlv/code/emsdk/emscripten/incoming/emcc -c   conftest.c >&5
configure:6318: $? = 0
configure:6322: /Users/penlv/code/emsdk/clang/fastcomp/build_incoming_64/bin/llvm-nm conftest.o \| sed -n -e 's/^.*[ ]\([BCDEGRST][BCDEGRST]*\)[ ][ ]*\([_A-Za-z][_A-Za-z0-9]*\)$/\1 \2 \2/p' | sed '/ __gnu_lto/d' \> conftest.nm
configure:6325: $? = 0
configure:6391: /Users/penlv/code/emsdk/emscripten/incoming/emcc -o conftest    conftest.c conftstm.o >&5
configure:6394: $? = 0
configure:6432: result: ok
configure:6479: checking for sysroot
configure:6509: result: no
configure:6516: checking for a working dd
configure:6554: result: /bin/dd
configure:6558: checking how to truncate binary pipes
configure:6573: result: /bin/dd bs=4096 count=1
configure:6902: checking for mt
configure:6932: result: no
configure:6952: checking if : is a manifest tool
configure:6958: : '-?'
configure:6966: result: no
configure:7022: checking for dsymutil
configure:7038: found /usr/bin/dsymutil
configure:7049: result: dsymutil
configure:7114: checking for nmedit
configure:7130: found /usr/bin/nmedit
configure:7141: result: nmedit
configure:7206: checking for lipo
configure:7222: found /usr/bin/lipo
configure:7233: result: lipo
configure:7298: checking for otool
configure:7314: found /usr/bin/otool
configure:7325: result: otool
configure:7390: checking for otool64
configure:7420: result: no
configure:7465: checking for -single_module linker flag
/Users/penlv/code/emsdk/emscripten/incoming/emcc   -o libconftest.dylib -dynamiclib -Wl,-single_module conftest.c
configure:7498: result: yes
configure:7501: checking for -exported_symbols_list linker flag
configure:7521: /Users/penlv/code/emsdk/emscripten/incoming/emcc -o conftest    -Wl,-exported_symbols_list,conftest.sym conftest.c  >&5
configure:7521: $? = 0
configure:7531: result: yes
configure:7534: checking for -force_load linker flag
/Users/penlv/code/emsdk/emscripten/incoming/emcc  -c -o conftest.o conftest.c
/Users/penlv/code/emsdk/emscripten/incoming/emar cru libconftest.a conftest.o
/Users/penlv/code/emsdk/emscripten/incoming/emranlib libconftest.a
/Users/penlv/code/emsdk/emscripten/incoming/emcc   -o conftest conftest.c -Wl,-force_load,./libconftest.a
configure:7566: result: no
configure:7643: checking how to run the C preprocessor
configure:7674: /Users/penlv/code/emsdk/emscripten/incoming/emcc -E  conftest.c
configure:7674: $? = 0
configure:7688: /Users/penlv/code/emsdk/emscripten/incoming/emcc -E  conftest.c
conftest.c:11:10: fatal error: 'ac_nonexistent.h' file not found
#include <ac_nonexistent.h>
         ^~~~~~~~~~~~~~~~~~
1 error generated.
configure:7688: $? = 1
configure: failed program was:
| /* confdefs.h */
| #define PACKAGE_NAME "onig"
| #define PACKAGE_TARNAME "onig"
| #define PACKAGE_VERSION "5.9.6"
| #define PACKAGE_STRING "onig 5.9.6"
| #define PACKAGE_BUGREPORT ""
| #define PACKAGE_URL ""
| #define PACKAGE "onig"
| #define VERSION "5.9.6"
| /* end confdefs.h.  */
| #include <ac_nonexistent.h>
configure:7713: result: /Users/penlv/code/emsdk/emscripten/incoming/emcc -E
configure:7733: /Users/penlv/code/emsdk/emscripten/incoming/emcc -E  conftest.c
configure:7733: $? = 0
configure:7747: /Users/penlv/code/emsdk/emscripten/incoming/emcc -E  conftest.c
conftest.c:11:10: fatal error: 'ac_nonexistent.h' file not found
#include <ac_nonexistent.h>
         ^~~~~~~~~~~~~~~~~~
1 error generated.
configure:7747: $? = 1
configure: failed program was:
| /* confdefs.h */
| #define PACKAGE_NAME "onig"
| #define PACKAGE_TARNAME "onig"
| #define PACKAGE_VERSION "5.9.6"
| #define PACKAGE_STRING "onig 5.9.6"
| #define PACKAGE_BUGREPORT ""
| #define PACKAGE_URL ""
| #define PACKAGE "onig"
| #define VERSION "5.9.6"
| /* end confdefs.h.  */
| #include <ac_nonexistent.h>
configure:7776: checking for ANSI C header files
configure:7796: /Users/penlv/code/emsdk/emscripten/incoming/emcc -c   conftest.c >&5
configure:7796: $? = 0
configure:7869: /Users/penlv/code/emsdk/emscripten/incoming/emcc -o conftest    conftest.c  >&5
configure:7869: $? = 0
configure:7869: ./conftest
configure:7869: $? = 0
configure:7880: result: yes
configure:7893: checking for sys/types.h
configure:7893: /Users/penlv/code/emsdk/emscripten/incoming/emcc -c   conftest.c >&5
configure:7893: $? = 0
configure:7893: result: yes
configure:7893: checking for sys/stat.h
configure:7893: /Users/penlv/code/emsdk/emscripten/incoming/emcc -c   conftest.c >&5
configure:7893: $? = 0
configure:7893: result: yes
configure:7893: checking for stdlib.h
configure:7893: /Users/penlv/code/emsdk/emscripten/incoming/emcc -c   conftest.c >&5
configure:7893: $? = 0
configure:7893: result: yes
configure:7893: checking for string.h
configure:7893: /Users/penlv/code/emsdk/emscripten/incoming/emcc -c   conftest.c >&5
configure:7893: $? = 0
configure:7893: result: yes
configure:7893: checking for memory.h
configure:7893: /Users/penlv/code/emsdk/emscripten/incoming/emcc -c   conftest.c >&5
configure:7893: $? = 0
configure:7893: result: yes
configure:7893: checking for strings.h
configure:7893: /Users/penlv/code/emsdk/emscripten/incoming/emcc -c   conftest.c >&5
configure:7893: $? = 0
configure:7893: result: yes
configure:7893: checking for inttypes.h
configure:7893: /Users/penlv/code/emsdk/emscripten/incoming/emcc -c   conftest.c >&5
configure:7893: $? = 0
configure:7893: result: yes
configure:7893: checking for stdint.h
configure:7893: /Users/penlv/code/emsdk/emscripten/incoming/emcc -c   conftest.c >&5
configure:7893: $? = 0
configure:7893: result: yes
configure:7893: checking for unistd.h
configure:7893: /Users/penlv/code/emsdk/emscripten/incoming/emcc -c   conftest.c >&5
configure:7893: $? = 0
configure:7893: result: yes
configure:7907: checking for dlfcn.h
configure:7907: /Users/penlv/code/emsdk/emscripten/incoming/emcc -c   conftest.c >&5
configure:7907: $? = 0
configure:7907: result: yes
configure:8163: checking for objdir
configure:8178: result: .libs
configure:8442: checking if /Users/penlv/code/emsdk/emscripten/incoming/emcc supports -fno-rtti -fno-exceptions
configure:8460: /Users/penlv/code/emsdk/emscripten/incoming/emcc -c   -fno-rtti -fno-exceptions conftest.c >&5
configure:8464: $? = 0
configure:8477: result: yes
configure:8835: checking for /Users/penlv/code/emsdk/emscripten/incoming/emcc option to produce PIC
configure:8842: result: -fno-common -DPIC
configure:8850: checking if /Users/penlv/code/emsdk/emscripten/incoming/emcc PIC flag -fno-common -DPIC works
configure:8868: /Users/penlv/code/emsdk/emscripten/incoming/emcc -c   -fno-common -DPIC -DPIC conftest.c >&5
configure:8872: $? = 0
configure:8885: result: yes
configure:8914: checking if /Users/penlv/code/emsdk/emscripten/incoming/emcc static flag -static works
configure:8942: result: yes
configure:8957: checking if /Users/penlv/code/emsdk/emscripten/incoming/emcc supports -c -o file.o
configure:8978: /Users/penlv/code/emsdk/emscripten/incoming/emcc -c   -o out/conftest2.o conftest.c >&5
configure:8982: $? = 0
configure:9004: result: yes
configure:9012: checking if /Users/penlv/code/emsdk/emscripten/incoming/emcc supports -c -o file.o
configure:9059: result: yes
configure:9092: checking whether the /Users/penlv/code/emsdk/emscripten/incoming/emcc linker (/Users/penlv/code/emsdk/emscripten/incoming/emcc) supports shared libraries
configure:10351: result: yes
configure:10388: checking whether -lc should be explicitly linked in
configure:10396: /Users/penlv/code/emsdk/emscripten/incoming/emcc -c   conftest.c >&5
configure:10399: $? = 0
configure:10414: /Users/penlv/code/emsdk/emscripten/incoming/emcc -shared  -fno-common -DPIC conftest.o  -v -Wl,-soname -Wl,conftest -o conftest 2\>\&1 \| /usr/bin/grep  -lc  \>/dev/null 2\>\&1
configure:10417: $? = 1
configure:10431: result: yes
configure:10591: checking dynamic linker characteristics
configure:11409: result: darwin16.7.0 dyld
configure:11531: checking how to hardcode library paths into programs
configure:11556: result: immediate
configure:12104: checking whether stripping libraries is possible
configure:12118: result: yes
configure:12144: checking if libtool supports shared libraries
configure:12146: result: yes
configure:12149: checking whether to build shared libraries
configure:12174: result: yes
configure:12177: checking whether to build static libraries
configure:12181: result: yes
configure:12222: checking whether make sets $(MAKE)
configure:12244: result: yes
configure:12255: checking for ANSI C header files
configure:12359: result: yes
configure:12370: checking for stdlib.h
configure:12370: result: yes
configure:12370: checking for string.h
configure:12370: result: yes
configure:12370: checking for strings.h
configure:12370: result: yes
configure:12370: checking sys/time.h usability
configure:12370: /Users/penlv/code/emsdk/emscripten/incoming/emcc -c   conftest.c >&5
configure:12370: $? = 0
configure:12370: result: yes
configure:12370: checking sys/time.h presence
configure:12370: /Users/penlv/code/emsdk/emscripten/incoming/emcc -E  conftest.c
configure:12370: $? = 0
configure:12370: result: yes
configure:12370: checking for sys/time.h
configure:12370: result: yes
configure:12370: checking for unistd.h
configure:12370: result: yes
configure:12370: checking sys/times.h usability
configure:12370: /Users/penlv/code/emsdk/emscripten/incoming/emcc -c   conftest.c >&5
configure:12370: $? = 0
configure:12370: result: yes
configure:12370: checking sys/times.h presence
configure:12370: /Users/penlv/code/emsdk/emscripten/incoming/emcc -E  conftest.c
configure:12370: $? = 0
configure:12370: result: yes
configure:12370: checking for sys/times.h
configure:12370: result: yes
configure:12385: checking size of int
configure:12390: /Users/penlv/code/emsdk/emscripten/incoming/emcc -o conftest    conftest.c  >&5
configure:12390: $? = 0
configure:12390: ./conftest
configure:12390: $? = 0
configure:12404: result: 4
configure:12418: checking size of short
configure:12423: /Users/penlv/code/emsdk/emscripten/incoming/emcc -o conftest    conftest.c  >&5
configure:12423: $? = 0
configure:12423: ./conftest
configure:12423: $? = 0
configure:12437: result: 2
configure:12451: checking size of long
configure:12456: /Users/penlv/code/emsdk/emscripten/incoming/emcc -o conftest    conftest.c  >&5
configure:12456: $? = 0
configure:12456: ./conftest
configure:12456: $? = 0
configure:12470: result: 8
configure:12480: checking for an ANSI C-conforming const
configure:12546: /Users/penlv/code/emsdk/emscripten/incoming/emcc -c   conftest.c >&5
configure:12546: $? = 0
configure:12553: result: yes
configure:12561: checking whether time.h and sys/time.h may both be included
configure:12581: /Users/penlv/code/emsdk/emscripten/incoming/emcc -c   conftest.c >&5
configure:12581: $? = 0
configure:12588: result: yes
configure:12597: checking for size_t
configure:12597: /Users/penlv/code/emsdk/emscripten/incoming/emcc -c   conftest.c >&5
configure:12597: $? = 0
configure:12597: /Users/penlv/code/emsdk/emscripten/incoming/emcc -c   conftest.c >&5
conftest.c:70:21: error: expected expression
if (sizeof ((size_t)))
                    ^
1 error generated.
ERROR:root:compiler frontend failed to generate LLVM bitcode, halting
configure:12597: $? = 1
configure: failed program was:
| /* confdefs.h */
| #define PACKAGE_NAME "onig"
| #define PACKAGE_TARNAME "onig"
| #define PACKAGE_VERSION "5.9.6"
| #define PACKAGE_STRING "onig 5.9.6"
| #define PACKAGE_BUGREPORT ""
| #define PACKAGE_URL ""
| #define PACKAGE "onig"
| #define VERSION "5.9.6"
| #define STDC_HEADERS 1
| #define HAVE_SYS_TYPES_H 1
| #define HAVE_SYS_STAT_H 1
| #define HAVE_STDLIB_H 1
| #define HAVE_STRING_H 1
| #define HAVE_MEMORY_H 1
| #define HAVE_STRINGS_H 1
| #define HAVE_INTTYPES_H 1
| #define HAVE_STDINT_H 1
| #define HAVE_UNISTD_H 1
| #define HAVE_DLFCN_H 1
| #define LT_OBJDIR ".libs/"
| #define STDC_HEADERS 1
| #define HAVE_STDLIB_H 1
| #define HAVE_STRING_H 1
| #define HAVE_STRINGS_H 1
| #define HAVE_SYS_TIME_H 1
| #define HAVE_UNISTD_H 1
| #define HAVE_SYS_TIMES_H 1
| #define SIZEOF_INT 4
| #define SIZEOF_SHORT 2
| #define SIZEOF_LONG 8
| #define TIME_WITH_SYS_TIME 1
| /* end confdefs.h.  */
| #include <stdio.h>
| #ifdef HAVE_SYS_TYPES_H
| # include <sys/types.h>
| #endif
| #ifdef HAVE_SYS_STAT_H
| # include <sys/stat.h>
| #endif
| #ifdef STDC_HEADERS
| # include <stdlib.h>
| # include <stddef.h>
| #else
| # ifdef HAVE_STDLIB_H
| #  include <stdlib.h>
| # endif
| #endif
| #ifdef HAVE_STRING_H
| # if !defined STDC_HEADERS && defined HAVE_MEMORY_H
| #  include <memory.h>
| # endif
| # include <string.h>
| #endif
| #ifdef HAVE_STRINGS_H
| # include <strings.h>
| #endif
| #ifdef HAVE_INTTYPES_H
| # include <inttypes.h>
| #endif
| #ifdef HAVE_STDINT_H
| # include <stdint.h>
| #endif
| #ifdef HAVE_UNISTD_H
| # include <unistd.h>
| #endif
| int
| main ()
| {
| if (sizeof ((size_t)))
| 	    return 0;
|   ;
|   return 0;
| }
configure:12597: result: yes
configure:12610: checking for working alloca.h
configure:12627: /Users/penlv/code/emsdk/emscripten/incoming/emcc -o conftest    conftest.c  >&5
configure:12627: $? = 0
configure:12635: result: yes
configure:12643: checking for alloca
configure:12680: /Users/penlv/code/emsdk/emscripten/incoming/emcc -o conftest    conftest.c  >&5
configure:12680: $? = 0
configure:12688: result: yes
configure:12794: checking for working memcmp
configure:12837: /Users/penlv/code/emsdk/emscripten/incoming/emcc -o conftest    conftest.c  >&5
configure:12837: $? = 0
configure:12837: ./conftest
configure:12837: $? = 0
configure:12847: result: yes
configure:12857: checking for prototypes
configure:12873: /Users/penlv/code/emsdk/emscripten/incoming/emcc -c   conftest.c >&5
configure:12873: $? = 0
configure:12880: result: yes
configure:12888: checking for variable length prototypes and stdarg.h
configure:12914: /Users/penlv/code/emsdk/emscripten/incoming/emcc -c   conftest.c >&5
configure:12914: $? = 0
configure:12921: result: yes
configure:13043: checking that generated files are newer than configure
configure:13049: result: done
configure:13072: creating ./config.status

## ---------------------- ##
## Running config.status. ##
## ---------------------- ##

This file was extended by onig config.status 5.9.6, which was
generated by GNU Autoconf 2.69.  Invocation command line was

  CONFIG_FILES    = 
  CONFIG_HEADERS  = 
  CONFIG_LINKS    = 
  CONFIG_COMMANDS = 
  $ ./config.status 

on Pengs-MacBook-Pro.local

config.status:1102: creating Makefile
config.status:1102: creating onig-config
config.status:1102: creating sample/Makefile
config.status:1102: creating config.h
config.status:1331: executing depfiles commands
config.status:1331: executing libtool commands
config.status:1331: executing default commands

## ---------------- ##
## Cache variables. ##
## ---------------- ##

_cv_have_prototypes=yes
_cv_stdarg=yes
ac_cv_build=x86_64-apple-darwin16.7.0
ac_cv_c_compiler_gnu=yes
ac_cv_c_const=yes
ac_cv_env_CC_set=set
ac_cv_env_CC_value=/Users/penlv/code/emsdk/emscripten/incoming/emcc
ac_cv_env_CFLAGS_set=set
ac_cv_env_CFLAGS_value=
ac_cv_env_CPPFLAGS_set=
ac_cv_env_CPPFLAGS_value=
ac_cv_env_CPP_set=
ac_cv_env_CPP_value=
ac_cv_env_LDFLAGS_set=
ac_cv_env_LDFLAGS_value=
ac_cv_env_LIBS_set=
ac_cv_env_LIBS_value=
ac_cv_env_LT_SYS_LIBRARY_PATH_set=
ac_cv_env_LT_SYS_LIBRARY_PATH_value=
ac_cv_env_build_alias_set=
ac_cv_env_build_alias_value=
ac_cv_env_host_alias_set=
ac_cv_env_host_alias_value=
ac_cv_env_target_alias_set=
ac_cv_env_target_alias_value=
ac_cv_func_alloca_works=yes
ac_cv_func_memcmp_working=yes
ac_cv_header_dlfcn_h=yes
ac_cv_header_inttypes_h=yes
ac_cv_header_memory_h=yes
ac_cv_header_stdc=yes
ac_cv_header_stdint_h=yes
ac_cv_header_stdlib_h=yes
ac_cv_header_string_h=yes
ac_cv_header_strings_h=yes
ac_cv_header_sys_stat_h=yes
ac_cv_header_sys_time_h=yes
ac_cv_header_sys_times_h=yes
ac_cv_header_sys_types_h=yes
ac_cv_header_time=yes
ac_cv_header_unistd_h=yes
ac_cv_host=x86_64-apple-darwin16.7.0
ac_cv_objext=o
ac_cv_path_EGREP='/usr/bin/grep -E'
ac_cv_path_FGREP='/usr/bin/grep -F'
ac_cv_path_GREP=/usr/bin/grep
ac_cv_path_SED=/usr/local/bin/gsed
ac_cv_path_install='/usr/local/bin/ginstall -c'
ac_cv_path_lt_DD=/bin/dd
ac_cv_path_mkdir=/usr/local/bin/gmkdir
ac_cv_prog_AWK=awk
ac_cv_prog_CPP='/Users/penlv/code/emsdk/emscripten/incoming/emcc -E'
ac_cv_prog_ac_ct_CC=/Users/penlv/code/emsdk/emscripten/incoming/emcc
ac_cv_prog_ac_ct_DSYMUTIL=dsymutil
ac_cv_prog_ac_ct_LIPO=lipo
ac_cv_prog_ac_ct_NMEDIT=nmedit
ac_cv_prog_ac_ct_OBJDUMP=objdump
ac_cv_prog_ac_ct_OTOOL=otool
ac_cv_prog_ac_ct_RANLIB=/Users/penlv/code/emsdk/emscripten/incoming/emranlib
ac_cv_prog_ac_ct_STRIP=strip
ac_cv_prog_cc_c89=
ac_cv_prog_cc_g=yes
ac_cv_prog_make_make_set=yes
ac_cv_sizeof_int=4
ac_cv_sizeof_long=8
ac_cv_sizeof_short=2
ac_cv_type_size_t=yes
ac_cv_working_alloca_h=yes
am_cv_CC_dependencies_compiler_type=gcc3
am_cv_make_support_nested_variables=yes
am_cv_prog_cc_c_o=yes
lt_cv_apple_cc_single_mod=yes
lt_cv_ar_at_file=no
lt_cv_archive_cmds_need_lc=yes
lt_cv_deplibs_check_method=pass_all
lt_cv_file_magic_cmd='$MAGIC_CMD'
lt_cv_file_magic_test_file=
lt_cv_ld_exported_symbols_list=yes
lt_cv_ld_force_load=no
lt_cv_ld_reload_flag=-r
lt_cv_nm_interface='BSD nm'
lt_cv_objdir=.libs
lt_cv_path_LD=/Users/penlv/code/emsdk/emscripten/incoming/emcc
lt_cv_path_NM=/Users/penlv/code/emsdk/clang/fastcomp/build_incoming_64/bin/llvm-nm
lt_cv_path_mainfest_tool=no
lt_cv_prog_compiler_c_o=yes
lt_cv_prog_compiler_pic='-fno-common -DPIC'
lt_cv_prog_compiler_pic_works=yes
lt_cv_prog_compiler_rtti_exceptions=yes
lt_cv_prog_compiler_static_works=yes
lt_cv_prog_gnu_ld=yes
lt_cv_sharedlib_from_linklib_cmd='printf %s\n'
lt_cv_sys_global_symbol_pipe='sed -n -e '\''s/^.*[	 ]\([BCDEGRST][BCDEGRST]*\)[	 ][	 ]*\([_A-Za-z][_A-Za-z0-9]*\)$/\1 \2 \2/p'\'' | sed '\''/ __gnu_lto/d'\'''
lt_cv_sys_global_symbol_to_c_name_address='sed -n -e '\''s/^: \(.*\) .*$/  {"\1", (void *) 0},/p'\'' -e '\''s/^[BCDEGRST][BCDEGRST]* .* \(.*\)$/  {"\1", (void *) \&\1},/p'\'''
lt_cv_sys_global_symbol_to_c_name_address_lib_prefix='sed -n -e '\''s/^: \(.*\) .*$/  {"\1", (void *) 0},/p'\'' -e '\''s/^[BCDEGRST][BCDEGRST]* .* \(lib.*\)$/  {"\1", (void *) \&\1},/p'\'' -e '\''s/^[BCDEGRST][BCDEGRST]* .* \(.*\)$/  {"lib\1", (void *) \&\1},/p'\'''
lt_cv_sys_global_symbol_to_cdecl='sed -n -e '\''s/^T .* \(.*\)$/extern int \1();/p'\'' -e '\''s/^[BCDEGRST][BCDEGRST]* .* \(.*\)$/extern char \1;/p'\'''
lt_cv_sys_global_symbol_to_import=
lt_cv_sys_max_cmd_len=196608
lt_cv_to_host_file_cmd=func_convert_file_noop
lt_cv_to_tool_file_cmd=func_convert_file_noop
lt_cv_truncate_bin='/bin/dd bs=4096 count=1'

## ----------------- ##
## Output variables. ##
## ----------------- ##

ACLOCAL='${SHELL} /Users/penlv/code/wasm-oniguruma/deps/onig/missing aclocal-1.15'
ALLOCA=''
AMDEPBACKSLASH='\'
AMDEP_FALSE='#'
AMDEP_TRUE=''
AMTAR='$${TAR-tar}'
AM_BACKSLASH='\'
AM_DEFAULT_V='$(AM_DEFAULT_VERBOSITY)'
AM_DEFAULT_VERBOSITY='1'
AM_V='$(V)'
AR='/Users/penlv/code/emsdk/emscripten/incoming/emar'
AUTOCONF='${SHELL} /Users/penlv/code/wasm-oniguruma/deps/onig/missing autoconf'
AUTOHEADER='${SHELL} /Users/penlv/code/wasm-oniguruma/deps/onig/missing autoheader'
AUTOMAKE='${SHELL} /Users/penlv/code/wasm-oniguruma/deps/onig/missing automake-1.15'
AWK='awk'
CC='/Users/penlv/code/emsdk/emscripten/incoming/emcc'
CCDEPMODE='depmode=gcc3'
CFLAGS=''
CPP='/Users/penlv/code/emsdk/emscripten/incoming/emcc -E'
CPPFLAGS=''
CYGPATH_W='echo'
DEFS='-DHAVE_CONFIG_H'
DEPDIR='.deps'
DLLTOOL='false'
DSYMUTIL='dsymutil'
DUMPBIN=''
ECHO_C='\c'
ECHO_N=''
ECHO_T=''
EGREP='/usr/bin/grep -E'
EXEEXT=''
FGREP='/usr/bin/grep -F'
GREP='/usr/bin/grep'
INSTALL_DATA='${INSTALL} -m 644'
INSTALL_PROGRAM='${INSTALL}'
INSTALL_SCRIPT='${INSTALL}'
INSTALL_STRIP_PROGRAM='$(install_sh) -c -s'
LD='/Users/penlv/code/emsdk/emscripten/incoming/emcc'
LDFLAGS=''
LIBOBJS=''
LIBS=''
LIBTOOL='$(SHELL) $(top_builddir)/libtool'
LIPO='lipo'
LN_S='ln -s'
LTLIBOBJS=''
LTVERSION='2:0:0'
LT_SYS_LIBRARY_PATH=''
MAKEINFO='${SHELL} /Users/penlv/code/wasm-oniguruma/deps/onig/missing makeinfo'
MANIFEST_TOOL=':'
MKDIR_P='/usr/local/bin/gmkdir -p'
NM='/Users/penlv/code/emsdk/clang/fastcomp/build_incoming_64/bin/llvm-nm'
NMEDIT='nmedit'
OBJDUMP='objdump'
OBJEXT='o'
OTOOL64=':'
OTOOL='otool'
PACKAGE='onig'
PACKAGE_BUGREPORT=''
PACKAGE_NAME='onig'
PACKAGE_STRING='onig 5.9.6'
PACKAGE_TARNAME='onig'
PACKAGE_URL=''
PACKAGE_VERSION='5.9.6'
PATH_SEPARATOR=':'
RANLIB='/Users/penlv/code/emsdk/emscripten/incoming/emranlib'
RUBYDIR='..'
SED='/usr/local/bin/gsed'
SET_MAKE=''
SHELL='/bin/sh'
STATISTICS=''
STRIP='strip'
VERSION='5.9.6'
ac_ct_AR=''
ac_ct_CC='/Users/penlv/code/emsdk/emscripten/incoming/emcc'
ac_ct_DUMPBIN=''
am__EXEEXT_FALSE=''
am__EXEEXT_TRUE='#'
am__fastdepCC_FALSE='#'
am__fastdepCC_TRUE=''
am__include='include'
am__isrc=''
am__leading_dot='.'
am__nodep='_no'
am__quote=''
am__tar='$${TAR-tar} chof - "$$tardir"'
am__untar='$${TAR-tar} xf -'
bindir='${exec_prefix}/bin'
build='x86_64-apple-darwin16.7.0'
build_alias=''
build_cpu='x86_64'
build_os='darwin16.7.0'
build_vendor='apple'
datadir='${datarootdir}'
datarootdir='${prefix}/share'
docdir='${datarootdir}/doc/${PACKAGE_TARNAME}'
dvidir='${docdir}'
exec_prefix='${prefix}'
host='x86_64-apple-darwin16.7.0'
host_alias=''
host_cpu='x86_64'
host_os='darwin16.7.0'
host_vendor='apple'
htmldir='${docdir}'
includedir='${prefix}/include'
infodir='${datarootdir}/info'
install_sh='${SHELL} /Users/penlv/code/wasm-oniguruma/deps/onig/install-sh'
libdir='${exec_prefix}/lib'
libexecdir='${exec_prefix}/libexec'
localedir='${datarootdir}/locale'
localstatedir='${prefix}/var'
mandir='${datarootdir}/man'
mkdir_p='$(MKDIR_P)'
oldincludedir='/usr/include'
pdfdir='${docdir}'
prefix='/usr/local'
program_transform_name='s,x,x,'
psdir='${docdir}'
sbindir='${exec_prefix}/sbin'
sharedstatedir='${prefix}/com'
sysconfdir='${prefix}/etc'
target_alias=''

## ----------- ##
## confdefs.h. ##
## ----------- ##

/* confdefs.h */
#define PACKAGE_NAME "onig"
#define PACKAGE_TARNAME "onig"
#define PACKAGE_VERSION "5.9.6"
#define PACKAGE_STRING "onig 5.9.6"
#define PACKAGE_BUGREPORT ""
#define PACKAGE_URL ""
#define PACKAGE "onig"
#define VERSION "5.9.6"
#define STDC_HEADERS 1
#define HAVE_SYS_TYPES_H 1
#define HAVE_SYS_STAT_H 1
#define HAVE_STDLIB_H 1
#define HAVE_STRING_H 1
#define HAVE_MEMORY_H 1
#define HAVE_STRINGS_H 1
#define HAVE_INTTYPES_H 1
#define HAVE_STDINT_H 1
#define HAVE_UNISTD_H 1
#define HAVE_DLFCN_H 1
#define LT_OBJDIR ".libs/"
#define STDC_HEADERS 1
#define HAVE_STDLIB_H 1
#define HAVE_STRING_H 1
#define HAVE_STRINGS_H 1
#define HAVE_SYS_TIME_H 1
#define HAVE_UNISTD_H 1
#define HAVE_SYS_TIMES_H 1
#define SIZEOF_INT 4
#define SIZEOF_SHORT 2
#define SIZEOF_LONG 8
#define TIME_WITH_SYS_TIME 1
#define HAVE_ALLOCA_H 1
#define HAVE_ALLOCA 1
#define HAVE_PROTOTYPES 1
#define HAVE_STDARG_PROTOTYPES 1

configure: exit 0

## ---------------------- ##
## Running config.status. ##
## ---------------------- ##

This file was extended by onig config.status 5.9.6, which was
generated by GNU Autoconf 2.69.  Invocation command line was

  CONFIG_FILES    = 
  CONFIG_HEADERS  = 
  CONFIG_LINKS    = 
  CONFIG_COMMANDS = 
  $ ./config.status Makefile depfiles

on Pengs-MacBook-Pro.local

config.status:1102: creating Makefile
config.status:1331: executing depfiles commands

## ---------------------- ##
## Running config.status. ##
## ---------------------- ##

This file was extended by onig config.status 5.9.6, which was
generated by GNU Autoconf 2.69.  Invocation command line was

  CONFIG_FILES    = 
  CONFIG_HEADERS  = 
  CONFIG_LINKS    = 
  CONFIG_COMMANDS = 
  $ ./config.status sample/Makefile depfiles

on Pengs-MacBook-Pro.local

config.status:1102: creating sample/Makefile
config.status:1331: executing depfiles commands
